<?xml version="1.0" encoding="UTF-8"?>
<testsuite name="br.edu.unifor.timexnetwork.test.LibraryTest" tests="1" skipped="0" failures="0" errors="0" timestamp="2018-07-25T19:57:01" hostname="CGE-1667" time="0.001">
  <properties/>
  <testcase name="testSomeLibraryMethod" classname="br.edu.unifor.timexnetwork.test.LibraryTest" time="0.001"/>
  <system-out><![CDATA[]]></system-out>
  <system-err><![CDATA[]]></system-err>
</testsuite>
